Microsoft HTML Help Compiler 4.74.8702

Compiling f:\ня\FAT_Emulator\help\help.chm


Compile time: 0 minutes, 0 seconds
3	Topics
4	Local links
0	Internet links
0	Graphics


Created f:\ня\FAT_Emulator\help\help.chm, 11,044 bytes
Compression increased file by 9,230 bytes.
Microsoft HTML Help Compiler 4.74.8702

Compiling f:\ня\FAT_Emulator\help\help.chm


Compile time: 0 minutes, 1 second
5	Topics
2	Local links
0	Internet links
0	Graphics


Created f:\ня\FAT_Emulator\help\help.chm, 11,664 bytes
Compression increased file by 9,607 bytes.
Microsoft HTML Help Compiler 4.74.8702

Compiling f:\ня\FAT_Emulator\help\help.chm


Compile time: 0 minutes, 1 second
3	Topics
2	Local links
0	Internet links
1	Graphic


Created f:\ня\FAT_Emulator\help\help.chm, 44,436 bytes
Compression increased file by 6,497 bytes.
Microsoft HTML Help Compiler 4.74.8702

Compiling f:\ня\FAT_Emulator\help\help.chm


Compile time: 0 minutes, 0 seconds
3	Topics
3	Local links
0	Internet links
1	Graphic


Created f:\ня\FAT_Emulator\help\help.chm, 44,844 bytes
Compression increased file by 6,386 bytes.
Microsoft HTML Help Compiler 4.74.8702

Compiling f:\ня\FAT_Emulator\help\help.chm


Compile time: 0 minutes, 0 seconds
3	Topics
3	Local links
0	Internet links
1	Graphic


Created f:\ня\FAT_Emulator\help\help.chm, 44,894 bytes
Compression increased file by 6,401 bytes.
Microsoft HTML Help Compiler 4.74.8702

Compiling f:\ня\FAT_Emulator\help\help.chm


Compile time: 0 minutes, 1 second
3	Topics
3	Local links
0	Internet links
4	Graphics


Created f:\ня\FAT_Emulator\help\help.chm, 54,452 bytes
Compression increased file by 5,680 bytes.
